<?xml version="1.0" encoding="UTF-8"?>
<!-- Generated by org.testng.reporters.JUnitReportReporter -->
<testsuite hostname="LAPTOP-5087C528" failures="0" tests="1" name="tests.DestanationsTest" time="32.809" errors="0" timestamp="2022-03-29T03:19:17 IDT" skipped="0">
  <testcase classname="tests.DestanationsTest" name="tc01_destanationCheckList" time="32.809"/>
  <system-out/>
</testsuite> <!-- tests.DestanationsTest -->
