<?xml version="1.0" encoding="UTF-8"?>
<!-- Generated by org.testng.reporters.JUnitReportReporter -->
<testsuite hostname="LAPTOP-59SSMBEA" failures="0" tests="1" name="tests.NavbarTest" time="55.370" errors="0" timestamp="2022-03-13T21:50:56 IST" skipped="0">
  <testcase classname="tests.NavbarTest" name="tc04_dropDownServices" time="55.370"/>
  <system-out/>
</testsuite> <!-- tests.NavbarTest -->
